Using pre-set license
Built from '2020.3/staging' branch; Version is '2020.3.8f1 (507919d4fff5) revision 5273881'; Using compiler version '192528614'; Build Type 'Release'
OS: 'Windows 10 Home; OS build 19043.1466; Version 2009; 64bit' Language: 'en' Physical Memory: 16301 MB
BatchMode: 1, IsHumanControllingUs: 0, StartBugReporterOnCrash: 0, Is64bit: 1, IsPro: 0

 COMMAND LINE ARGUMENTS:
D:\2020.3.8f1\Editor\Unity.exe
-adb2
-batchMode
-noUpm
-name
AssetImportWorker0
-projectPath
C:/Users/biggs/New Unity Project
-logFile
Logs/AssetImportWorker0.log
-srvPort
60048
Successfully changed project path to: C:/Users/biggs/New Unity Project
C:/Users/biggs/New Unity Project
Using Asset Import Pipeline V2.
Refreshing native plugins compatible for Editor in 36.71 ms, found 1 plugins.
Preloading 0 native plugins for Editor in 0.00 ms.
Initialize engine version: 2020.3.8f1 (507919d4fff5)
[Subsystems] Discovering subsystems at path D:/2020.3.8f1/Editor/Data/Resources/UnitySubsystems
[Subsystems] Discovering subsystems at path C:/Users/biggs/New Unity Project/Assets
GfxDevice: creating device client; threaded=0
Direct3D:
    Version:  Direct3D 11.0 [level 11.1]
    Renderer: NVIDIA GeForce RTX 2060 SUPER (ID=0x1f06)
    Vendor:   
    VRAM:     8031 MB
    Driver:   27.21.14.5671
Initialize mono
Mono path[0] = 'D:/2020.3.8f1/Editor/Data/Managed'
Mono path[1] = 'D:/2020.3.8f1/Editor/Data/MonoBleedingEdge/lib/mono/unityjit'
Mono config path = 'D:/2020.3.8f1/Editor/Data/MonoBleedingEdge/etc'
Using monoOptions --debugger-agent=transport=dt_socket,embedding=1,server=y,suspend=n,address=127.0.0.1:56196
Begin MonoManager ReloadAssembly
Registering precompiled unity dll's ...
Register platform support module: D:/2020.3.8f1/Editor/Data/PlaybackEngines/WindowsStandaloneSupport/UnityEditor.WindowsStandalone.Extensions.dll
Registered in 0.000974 seconds.
Native extension for WindowsStandalone target not found
Refreshing native plugins compatible for Editor in 36.16 ms, found 1 plugins.
Preloading 0 native plugins for Editor in 0.00 ms.
Mono: successfully reloaded assembly
- Completed reload, in  1.055 seconds
Platform modules already initialized, skipping
Registering precompiled user dll's ...
Registered in 0.001613 seconds.
Begin MonoManager ReloadAssembly
Native extension for WindowsStandalone target not found
Refreshing native plugins compatible for Editor in 38.44 ms, found 1 plugins.
Preloading 0 native plugins for Editor in 0.00 ms.
Mono: successfully reloaded assembly
- Completed reload, in  0.877 seconds
Platform modules already initialized, skipping
========================================================================
Worker process is ready to serve import requests
Launched and connected shader compiler UnityShaderCompiler.exe after 0.08 seconds
Refreshing native plugins compatible for Editor in 0.38 ms, found 1 plugins.
Preloading 0 native plugins for Editor in 0.00 ms.
Unloading 1961 Unused Serialized files (Serialized files now loaded: 0)
System memory in use before: 104.9 MB.
System memory in use after: 105.0 MB.

Unloading 21 unused Assets to reduce memory usage. Loaded Objects now: 2425.
Total: 2.183800 ms (FindLiveObjects: 0.185100 ms CreateObjectMapping: 0.075500 ms MarkObjects: 1.805400 ms  DeleteObjects: 0.116800 ms)

========================================================================
Received Import Request.
  path: Assets/sprites/FORK.png
  artifactKey: Guid(078a1998c1124d84caf262f51a478994) Importer(815301076,1909f56bfc062723c751e8b465ee728b)
Start importing Assets/sprites/FORK.png using Guid(078a1998c1124d84caf262f51a478994) Importer(815301076,1909f56bfc062723c751e8b465ee728b)  -> (artifact id: 'faf5157f5aa92fbed7e2b2c5b618bf5e') in 0.139824 seconds
  Import took 0.144901 seconds .

========================================================================
Received Import Request.
  Time since last request: 0.000216 seconds.
  path: Assets/sprites/playermodel_finishedfornow.png
  artifactKey: Guid(47e225901b2fa8a41aed5c222f79cf3b) Importer(815301076,1909f56bfc062723c751e8b465ee728b)
Start importing Assets/sprites/playermodel_finishedfornow.png using Guid(47e225901b2fa8a41aed5c222f79cf3b) Importer(815301076,1909f56bfc062723c751e8b465ee728b)  -> (artifact id: '8558c183c9ef65cb8fa96b216569599a') in 0.012507 seconds
  Import took 0.016876 seconds .

========================================================================
Received Import Request.
  Time since last request: 4.228448 seconds.
  path: Assets/sprites/BARS.png
  artifactKey: Guid(02f15d01f8038644584714447d4e2bd4) Importer(815301076,1909f56bfc062723c751e8b465ee728b)
Start importing Assets/sprites/BARS.png using Guid(02f15d01f8038644584714447d4e2bd4) Importer(815301076,1909f56bfc062723c751e8b465ee728b)  -> (artifact id: '82ed55f2f83a40a21aa2683cbd30b493') in 0.008603 seconds
  Import took 0.012391 seconds .

========================================================================
Received Import Request.
  Time since last request: 0.029903 seconds.
  path: Assets/sprites/BARS.png
  artifactKey: Guid(02f15d01f8038644584714447d4e2bd4) Importer(815301076,1909f56bfc062723c751e8b465ee728b)
Start importing Assets/sprites/BARS.png using Guid(02f15d01f8038644584714447d4e2bd4) Importer(815301076,1909f56bfc062723c751e8b465ee728b)  -> (artifact id: '82ed55f2f83a40a21aa2683cbd30b493') in 0.018196 seconds
  Import took 0.020820 seconds .

========================================================================
Received Prepare
Registering precompiled user dll's ...
Registered in 0.001243 seconds.
Begin MonoManager ReloadAssembly
Native extension for WindowsStandalone target not found
Refreshing native plugins compatible for Editor in 0.36 ms, found 1 plugins.
Preloading 0 native plugins for Editor in 0.00 ms.
Mono: successfully reloaded assembly
- Completed reload, in  0.867 seconds
Platform modules already initialized, skipping
Refreshing native plugins compatible for Editor in 0.38 ms, found 1 plugins.
Preloading 0 native plugins for Editor in 0.00 ms.
Unloading 1936 Unused Serialized files (Serialized files now loaded: 0)
System memory in use before: 106.0 MB.
System memory in use after: 106.1 MB.

Unloading 10 unused Assets to reduce memory usage. Loaded Objects now: 2440.
Total: 1.693400 ms (FindLiveObjects: 0.189400 ms CreateObjectMapping: 0.067800 ms MarkObjects: 1.376500 ms  DeleteObjects: 0.058900 ms)

========================================================================
Received Import Request.
  Time since last request: 363.827445 seconds.
  path: Assets/sprites/goblin death-1.png.png
  artifactKey: Guid(9e02fd2211dab2145b6e3dcfacbabc3e) Importer(815301076,1909f56bfc062723c751e8b465ee728b)
Start importing Assets/sprites/goblin death-1.png.png using Guid(9e02fd2211dab2145b6e3dcfacbabc3e) Importer(815301076,1909f56bfc062723c751e8b465ee728b)  -> (artifact id: 'b88e30c424657992189a00bea9d3bc38') in 0.055982 seconds
  Import took 0.059364 seconds .

========================================================================
Received Import Request.
  Time since last request: 0.000179 seconds.
  path: Assets/sprites/goblin death-4.png.png
  artifactKey: Guid(74fb7393d92c38142be8532734ac98e3) Importer(815301076,1909f56bfc062723c751e8b465ee728b)
Start importing Assets/sprites/goblin death-4.png.png using Guid(74fb7393d92c38142be8532734ac98e3) Importer(815301076,1909f56bfc062723c751e8b465ee728b)  -> (artifact id: '438953ded19c9a371ad6324c6a8444cb') in 0.006579 seconds
  Import took 0.009842 seconds .

========================================================================
Received Import Request.
  Time since last request: 0.000211 seconds.
  path: Assets/sprites/goblin death-3.png.png
  artifactKey: Guid(9ab544f342ebd5c449bcf850a7bcfcba) Importer(815301076,1909f56bfc062723c751e8b465ee728b)
Start importing Assets/sprites/goblin death-3.png.png using Guid(9ab544f342ebd5c449bcf850a7bcfcba) Importer(815301076,1909f56bfc062723c751e8b465ee728b)  -> (artifact id: 'cca70c6921512716031da919236e1ef4') in 0.012515 seconds
  Import took 0.015744 seconds .

========================================================================
Received Import Request.
  Time since last request: 0.000247 seconds.
  path: Assets/sprites/goblin death-5.png.png
  artifactKey: Guid(fb1b1f9b75d92eb488cc536257e415bd) Importer(815301076,1909f56bfc062723c751e8b465ee728b)
Start importing Assets/sprites/goblin death-5.png.png using Guid(fb1b1f9b75d92eb488cc536257e415bd) Importer(815301076,1909f56bfc062723c751e8b465ee728b)  -> (artifact id: '7f607a21d6d61bad733c2a6ecc9a3f87') in 0.005590 seconds
  Import took 0.009087 seconds .

========================================================================
Received Import Request.
  Time since last request: 0.000218 seconds.
  path: Assets/sprites/goblin death-2.png.png
  artifactKey: Guid(2cb5ecc08dfdf0b4fb19b0369bd208a3) Importer(815301076,1909f56bfc062723c751e8b465ee728b)
Start importing Assets/sprites/goblin death-2.png.png using Guid(2cb5ecc08dfdf0b4fb19b0369bd208a3) Importer(815301076,1909f56bfc062723c751e8b465ee728b)  -> (artifact id: '1853e1c650f8ccb45b45c8659e3982c9') in 0.006761 seconds
  Import took 0.010426 seconds .

========================================================================
Received Import Request.
  Time since last request: 0.000249 seconds.
  path: Assets/sprites/goblin death-1.png.png
  artifactKey: Guid(9e02fd2211dab2145b6e3dcfacbabc3e) Importer(815301076,1909f56bfc062723c751e8b465ee728b)
Start importing Assets/sprites/goblin death-1.png.png using Guid(9e02fd2211dab2145b6e3dcfacbabc3e) Importer(815301076,1909f56bfc062723c751e8b465ee728b)  -> (artifact id: 'b88e30c424657992189a00bea9d3bc38') in 0.007707 seconds
  Import took 0.010316 seconds .

========================================================================
Received Import Request.
  Time since last request: 220.031806 seconds.
  path: Assets/sprites/goblin death-1_png.controller
  artifactKey: Guid(532c5e462606ea442b8914b363bbec92) Importer(815301076,1909f56bfc062723c751e8b465ee728b)
Start importing Assets/sprites/goblin death-1_png.controller using Guid(532c5e462606ea442b8914b363bbec92) Importer(815301076,1909f56bfc062723c751e8b465ee728b)  -> (artifact id: '54e944d37184c9ce6b63e242cd93ed42') in 0.007173 seconds
  Import took 0.011959 seconds .

========================================================================
Received Prepare
Registering precompiled user dll's ...
Registered in 0.007572 seconds.
Begin MonoManager ReloadAssembly
Native extension for WindowsStandalone target not found
Refreshing native plugins compatible for Editor in 0.35 ms, found 1 plugins.
Preloading 0 native plugins for Editor in 0.00 ms.
Mono: successfully reloaded assembly
- Completed reload, in  1.370 seconds
Platform modules already initialized, skipping
Refreshing native plugins compatible for Editor in 0.36 ms, found 1 plugins.
Preloading 0 native plugins for Editor in 0.00 ms.
Unloading 1936 Unused Serialized files (Serialized files now loaded: 0)
System memory in use before: 106.1 MB.
System memory in use after: 106.1 MB.

Unloading 10 unused Assets to reduce memory usage. Loaded Objects now: 2446.
Total: 1.965100 ms (FindLiveObjects: 0.173700 ms CreateObjectMapping: 0.067400 ms MarkObjects: 1.608500 ms  DeleteObjects: 0.114300 ms)

