Using pre-set license
Built from '2020.3/staging' branch; Version is '2020.3.8f1 (507919d4fff5) revision 5273881'; Using compiler version '192528614'; Build Type 'Release'
OS: 'Windows 10 Pro; OS build 19041.1415; Version 2004; 64bit' Language: 'en' Physical Memory: 16247 MB
BatchMode: 1, IsHumanControllingUs: 0, StartBugReporterOnCrash: 0, Is64bit: 1, IsPro: 0

 COMMAND LINE ARGUMENTS:
C:\Program Files\Unity\Hub\Editor\2020.3.8f1\Editor\Unity.exe
-adb2
-batchMode
-noUpm
-name
AssetImportWorker0
-projectPath
C:/Users/MitchellB/UnityStuff/magier
-logFile
Logs/AssetImportWorker0.log
-srvPort
54261
Successfully changed project path to: C:/Users/MitchellB/UnityStuff/magier
C:/Users/MitchellB/UnityStuff/magier
Using Asset Import Pipeline V2.
Refreshing native plugins compatible for Editor in 91.24 ms, found 1 plugins.
Preloading 0 native plugins for Editor in 0.00 ms.
Initialize engine version: 2020.3.8f1 (507919d4fff5)
[Subsystems] Discovering subsystems at path C:/Program Files/Unity/Hub/Editor/2020.3.8f1/Editor/Data/Resources/UnitySubsystems
[Subsystems] Discovering subsystems at path C:/Users/MitchellB/UnityStuff/magier/Assets
GfxDevice: creating device client; threaded=0
Direct3D:
    Version:  Direct3D 11.0 [level 11.0]
    Renderer: NVIDIA GeForce GTX 960M (ID=0x139b)
    Vendor:   
    VRAM:     2010 MB
    Driver:   27.21.14.5148
Initialize mono
Mono path[0] = 'C:/Program Files/Unity/Hub/Editor/2020.3.8f1/Editor/Data/Managed'
Mono path[1] = 'C:/Program Files/Unity/Hub/Editor/2020.3.8f1/Editor/Data/MonoBleedingEdge/lib/mono/unityjit'
Mono config path = 'C:/Program Files/Unity/Hub/Editor/2020.3.8f1/Editor/Data/MonoBleedingEdge/etc'
Using monoOptions --debugger-agent=transport=dt_socket,embedding=1,server=y,suspend=n,address=127.0.0.1:56884
Begin MonoManager ReloadAssembly
Registering precompiled unity dll's ...
Register platform support module: C:/Program Files/Unity/Hub/Editor/2020.3.8f1/Editor/Data/PlaybackEngines/WindowsStandaloneSupport/UnityEditor.WindowsStandalone.Extensions.dll
Registered in 0.004223 seconds.
Native extension for WindowsStandalone target not found
Refreshing native plugins compatible for Editor in 75.49 ms, found 1 plugins.
Preloading 0 native plugins for Editor in 0.00 ms.
Mono: successfully reloaded assembly
- Completed reload, in  2.417 seconds
Platform modules already initialized, skipping
Registering precompiled user dll's ...
Registered in 0.006858 seconds.
Begin MonoManager ReloadAssembly
Native extension for WindowsStandalone target not found
Refreshing native plugins compatible for Editor in 122.29 ms, found 1 plugins.
Preloading 0 native plugins for Editor in 0.00 ms.
Mono: successfully reloaded assembly
- Completed reload, in  2.136 seconds
Platform modules already initialized, skipping
========================================================================
Worker process is ready to serve import requests
Launched and connected shader compiler UnityShaderCompiler.exe after 0.12 seconds
Refreshing native plugins compatible for Editor in 0.75 ms, found 1 plugins.
Preloading 0 native plugins for Editor in 0.00 ms.
Unloading 1939 Unused Serialized files (Serialized files now loaded: 0)
System memory in use before: 92.2 MB.
System memory in use after: 92.3 MB.

Unloading 18 unused Assets to reduce memory usage. Loaded Objects now: 2382.
Total: 3.037100 ms (FindLiveObjects: 0.254800 ms CreateObjectMapping: 0.114600 ms MarkObjects: 2.528800 ms  DeleteObjects: 0.137400 ms)

========================================================================
Received Import Request.
  path: Assets/scripts/PlayerCombat.cs
  artifactKey: Guid(629a6fdc966b43948a362bc64eb9e2f8) Importer(815301076,1909f56bfc062723c751e8b465ee728b)
Start importing Assets/scripts/PlayerCombat.cs using Guid(629a6fdc966b43948a362bc64eb9e2f8) Importer(815301076,1909f56bfc062723c751e8b465ee728b)  -> (artifact id: '9849f443705c054707734c6c13988fe8') in 0.055947 seconds
  Import took 0.062223 seconds .

========================================================================
Received Import Request.
  Time since last request: 718.300174 seconds.
  path: Assets/scripts/EnemyAI.cs
  artifactKey: Guid(9093ae544280b104ba56ef33cc02d343) Importer(815301076,1909f56bfc062723c751e8b465ee728b)
Start importing Assets/scripts/EnemyAI.cs using Guid(9093ae544280b104ba56ef33cc02d343) Importer(815301076,1909f56bfc062723c751e8b465ee728b)  -> (artifact id: 'a6a40c9daa3e223187ec22b104ea2841') in 0.024889 seconds
  Import took 0.035829 seconds .

========================================================================
Received Prepare
Registering precompiled user dll's ...
Registered in 0.004676 seconds.
Begin MonoManager ReloadAssembly
Native extension for WindowsStandalone target not found
Refreshing native plugins compatible for Editor in 1.37 ms, found 1 plugins.
Preloading 0 native plugins for Editor in 0.00 ms.
Mono: successfully reloaded assembly
- Completed reload, in  2.039 seconds
Platform modules already initialized, skipping
Refreshing native plugins compatible for Editor in 0.88 ms, found 1 plugins.
Preloading 0 native plugins for Editor in 0.00 ms.
Unloading 1912 Unused Serialized files (Serialized files now loaded: 0)
System memory in use before: 90.0 MB.
System memory in use after: 90.1 MB.

Unloading 8 unused Assets to reduce memory usage. Loaded Objects now: 2385.
Total: 4.257200 ms (FindLiveObjects: 0.394000 ms CreateObjectMapping: 0.256200 ms MarkObjects: 3.556100 ms  DeleteObjects: 0.048300 ms)

========================================================================
Received Import Request.
  Time since last request: 546.188362 seconds.
  path: Assets/scripts/PlayerCombat.cs
  artifactKey: Guid(629a6fdc966b43948a362bc64eb9e2f8) Importer(815301076,1909f56bfc062723c751e8b465ee728b)
Start importing Assets/scripts/PlayerCombat.cs using Guid(629a6fdc966b43948a362bc64eb9e2f8) Importer(815301076,1909f56bfc062723c751e8b465ee728b)  -> (artifact id: '3d94255426407b1a65ee8f1af16b8f90') in 0.014353 seconds
  Import took 0.021363 seconds .

========================================================================
Received Prepare
Registering precompiled user dll's ...
Registered in 0.003123 seconds.
Begin MonoManager ReloadAssembly
Native extension for WindowsStandalone target not found
Refreshing native plugins compatible for Editor in 0.90 ms, found 1 plugins.
Preloading 0 native plugins for Editor in 0.00 ms.
Mono: successfully reloaded assembly
- Completed reload, in  1.652 seconds
Platform modules already initialized, skipping
Refreshing native plugins compatible for Editor in 0.80 ms, found 1 plugins.
Preloading 0 native plugins for Editor in 0.00 ms.
Unloading 1912 Unused Serialized files (Serialized files now loaded: 0)
System memory in use before: 90.0 MB.
System memory in use after: 90.1 MB.

Unloading 8 unused Assets to reduce memory usage. Loaded Objects now: 2388.
Total: 2.568700 ms (FindLiveObjects: 0.393200 ms CreateObjectMapping: 0.190900 ms MarkObjects: 1.964400 ms  DeleteObjects: 0.018900 ms)

========================================================================
Received Prepare
Registering precompiled user dll's ...
Registered in 0.003267 seconds.
Begin MonoManager ReloadAssembly
Native extension for WindowsStandalone target not found
Refreshing native plugins compatible for Editor in 0.96 ms, found 1 plugins.
Preloading 0 native plugins for Editor in 0.00 ms.
Mono: successfully reloaded assembly
- Completed reload, in  1.645 seconds
Platform modules already initialized, skipping
Refreshing native plugins compatible for Editor in 1.55 ms, found 1 plugins.
Preloading 0 native plugins for Editor in 0.00 ms.
Unloading 1912 Unused Serialized files (Serialized files now loaded: 0)
System memory in use before: 90.0 MB.
System memory in use after: 90.1 MB.

Unloading 8 unused Assets to reduce memory usage. Loaded Objects now: 2391.
Total: 3.171800 ms (FindLiveObjects: 0.258900 ms CreateObjectMapping: 0.095700 ms MarkObjects: 2.767400 ms  DeleteObjects: 0.048100 ms)

========================================================================
Received Prepare
Registering precompiled user dll's ...
Registered in 0.002605 seconds.
Begin MonoManager ReloadAssembly
Native extension for WindowsStandalone target not found
Refreshing native plugins compatible for Editor in 0.50 ms, found 1 plugins.
Preloading 0 native plugins for Editor in 0.00 ms.
Mono: successfully reloaded assembly
- Completed reload, in  1.439 seconds
Platform modules already initialized, skipping
Refreshing native plugins compatible for Editor in 0.92 ms, found 1 plugins.
Preloading 0 native plugins for Editor in 0.00 ms.
Unloading 1912 Unused Serialized files (Serialized files now loaded: 0)
System memory in use before: 90.0 MB.
System memory in use after: 90.2 MB.

Unloading 8 unused Assets to reduce memory usage. Loaded Objects now: 2394.
Total: 2.866800 ms (FindLiveObjects: 0.213700 ms CreateObjectMapping: 0.081100 ms MarkObjects: 2.516000 ms  DeleteObjects: 0.053200 ms)

AssetImportWorkerClient::OnTransportError - code=2 error=End of file
